#
# A fatal error has been detected by the Java Runtime Environment:
#
#  EXCEPTION_ACCESS_VIOLATION (0xc0000005) at pc=0x00007ffb65a2c52a, pid=11288, tid=20244
#
# JRE version: OpenJDK Runtime Environment Temurin-17+35 (17.0+35) (build 17+35)
# Java VM: OpenJDK 64-Bit Server VM Temurin-17+35 (17+35, mixed mode, tiered, compressed oops, compressed class ptrs, g1 gc, windows-amd64)
# Problematic frame:
# V  [jvm.dll+0x79c52a]
#
# No core dump will be written. Minidumps are not enabled by default on client versions of Windows
#
# If you would like to submit a bug report, please visit:
#   https://github.com/adoptium/adoptium-support/issues
#

---------------  S U M M A R Y ------------

Command Line: -XX:+ShowCodeDetailsInExceptionMessages -agentlib:jdwp=transport=dt_socket,suspend=y,address=localhost:61798 -ea -javaagent:C:\Users\byjon\eclipse\java-2021-062\eclipse\configuration\org.eclipse.osgi\222\0\.cp\lib\javaagent-shaded.jar -Dfile.encoding=Cp1252 org.eclipse.jdt.internal.junit.runner.RemoteTestRunner -version 3 -port 61797 -testLoaderClass org.eclipse.jdt.internal.junit5.runner.JUnit5TestLoader -loaderpluginname org.eclipse.jdt.junit5.runtime -classNames ColasPrioridad.BinaryHeapMinTest

Host: Intel(R) Core(TM) i5-10300H CPU @ 2.50GHz, 8 cores, 15G,  Windows 10 , 64 bit Build 19041 (10.0.19041.1348)
Time: Thu Dec  2 00:56:44 2021 Hora estándar romance elapsed time: 33.517356 seconds (0d 0h 0m 33s)

---------------  T H R E A D  ---------------

Current thread (0x00000200daf9b7f0):  JavaThread "JDWP Transport Listener: dt_socket" daemon [_thread_in_vm, id=20244, stack(0x00000019fb700000,0x00000019fb800000)]

Stack: [0x00000019fb700000,0x00000019fb800000],  sp=0x00000019fb7ff420,  free space=1021k
Native frames: (J=compiled Java code, j=interpreted, Vv=VM code, C=native code)
V  [jvm.dll+0x79c52a]
V  [jvm.dll+0x50867c]
V  [jvm.dll+0x4cfce4]
C  [jdwp.dll+0x22dff]


siginfo: EXCEPTION_ACCESS_VIOLATION (0xc0000005), reading address 0x000000000085000a


Register to memory mapping:

RIP=0x00007ffb65a2c52a jvm.dll
RAX=0x0000000000000086 is an unknown value
RBX=0x00000200dac88b3f points into unknown readable memory: 00
RCX=0x0000000000850006 is an unknown value
RDX=0x00000200db796e10 points into unknown readable memory: 0x725073616c6f434c | 4c 43 6f 6c 61 73 50 72
RSP=0x00000019fb7ff420 is pointing into the stack for thread: 0x00000200daf9b7f0
RBP=0x00000200daf40b60 points into unknown readable memory: 0x0000001700000002 | 02 00 00 00 17 00 00 00
RSI=0x0 is NULL
RDI=0xffffffffffffffff is an unknown value
R8 =0x0000000000000007 is an unknown value
R9 =0x0000000000000040 is an unknown value
R10=0x0 is NULL
R11=0x00000019fb7ff440 is pointing into the stack for thread: 0x00000200daf9b7f0
R12=0x00000019fb7ff578 is pointing into the stack for thread: 0x00000200daf9b7f0
R13=0x0 is NULL
R14=0x0000000800186ee0 is a pointer to class: 
ColasPrioridad.BinaryHeapMin {0x0000000800186ee8}
 - instance size:     3
 - klass size:        80
 - access:            public synchronized 
 - state:             fully_initialized
 - name:              'ColasPrioridad/BinaryHeapMin'
 - super:             'java/lang/Object'
 - sub:               
 - arrays:            NULL
 - methods:           Array<T>(0x00000200dc076f08)
 - method ordering:   Array<T>(0x00000200dc078000)
 - default_methods:   Array<T>(0x0000000000000000)
 - local interfaces:  Array<T>(0x00000200dc0548e0)
 - trans. interfaces: Array<T>(0x00000200dc0548e0)
 - constants:         constant pool [138] {0x00000200dc078ab0} for 'ColasPrioridad/BinaryHeapMin' cache=0x00000200dc078f40
 - class loader data:  loader data: 0x00000200dac0e5f0 for instance a 'jdk/internal/loader/ClassLoaders$AppClassLoader'{0x0000000710e00000}
 - source file:       'BinaryHeapMin.java'
 - source debug extension:       SMAP
BinaryHeapMin.java
Java
*S jdt
*F
1 BinaryHeapMin.java
2 file:/C:/Users/byjon/Desktop/UNI/ED%20(Estructura%20de%20datos)/Practicas/ARBOLES/Sesion1/WS/Arboles/bin/
*L
*E

 - class annotations:       Array<T>(0x0000000000000000)
 - class type annotations:  Array<T>(0x0000000000000000)
 - field annotations:       Array<T>(0x0000000000000000)
 - field type annotations:  Array<T>(0x0000000000000000)
 - previous version:  constant pool [133] {0x00000200dc054440} for 'ColasPrioridad/BinaryHeapMin' (extra) cache=0x00000200dc056040
 - generic signature: '
[error occurred during error reporting (printing register info), id 0xc0000005, EXCEPTION_ACCESS_VIOLATION (0xc0000005) at pc=0x00007ffb65a2d136]

Registers:
RAX=0x0000000000000086, RBX=0x00000200dac88b3f, RCX=0x0000000000850006, RDX=0x00000200db796e10
RSP=0x00000019fb7ff420, RBP=0x00000200daf40b60, RSI=0x0000000000000000, RDI=0xffffffffffffffff
R8 =0x0000000000000007, R9 =0x0000000000000040, R10=0x0000000000000000, R11=0x00000019fb7ff440
R12=0x00000019fb7ff578, R13=0x0000000000000000, R14=0x0000000800186ee0, R15=0x00000019fb7ff5c8
RIP=0x00007ffb65a2c52a, EFLAGS=0x0000000000010202

Top of Stack: (sp=0x00000019fb7ff420)
0x00000019fb7ff420:   000000000000001c 0000000800186ee0
0x00000019fb7ff430:   00000200daf9b7f0 0000000000000000
0x00000019fb7ff440:   ffffffffffffffff 00007ffb6579867c
0x00000019fb7ff450:   00000200dac88b3f 00000200dac88b20
0x00000019fb7ff460:   00000200daf40b60 00000200db79c660
0x00000019fb7ff470:   00000200dac88af0 00000000000003d8
0x00000019fb7ff480:   00000200dac88b00 00000200dac88ed8
0x00000019fb7ff490:   0000000000000002 00000019fb7ff578
0x00000019fb7ff4a0:   0000000000000000 0000000000000000
0x00000019fb7ff4b0:   00000007117b6570 00007ffb6575fce4
0x00000019fb7ff4c0:   00000200daf9b7f0 00000019fb7ff5c8
0x00000019fb7ff4d0:   00000200b94dee10 00000019fb7ff5c8
0x00000019fb7ff4e0:   00000200daf9b7f0 0000000000000000
0x00000019fb7ff4f0:   0000020000000000 0000000000000000
0x00000019fb7ff500:   000000000000000d 00007ffbe0e02dff
0x00000019fb7ff510:   00000019fb7ff5c0 00007ffbe0e11aa0 

Instructions: (pc=0x00007ffb65a2c52a)
0x00007ffb65a2c42a:   48 83 c4 20 5f e9 6c 96 90 ff cc cc cc cc cc cc
0x00007ffb65a2c43a:   cc cc cc cc cc cc 48 89 5c 24 08 57 48 83 ec 20
0x00007ffb65a2c44a:   83 fa 02 8d 42 06 b9 08 00 00 00 49 8b d8 0f 4e
0x00007ffb65a2c45a:   c1 48 63 c8 48 83 c1 07 83 e1 f8 48 63 f9 49 8b
0x00007ffb65a2c46a:   48 18 48 8b c7 48 f7 d0 48 3b c1 73 16 4c 8d 05
0x00007ffb65a2c47a:   ba 4c 17 00 48 8b d7 48 8b cb e8 77 f9 90 ff 48
0x00007ffb65a2c48a:   8b 4b 18 48 8d 04 39 48 3b 43 20 76 18 45 33 c0
0x00007ffb65a2c49a:   48 8b d7 48 8b cb 48 8b 5c 24 30 48 83 c4 20 5f
0x00007ffb65a2c4aa:   e9 d1 f5 90 ff 48 89 43 18 48 8b c1 48 8b 5c 24
0x00007ffb65a2c4ba:   30 48 83 c4 20 5f c3 cc cc cc cc cc cc cc cc cc
0x00007ffb65a2c4ca:   cc cc cc cc cc cc 4c 8b d2 4c 8b d9 45 85 c0 7e
0x00007ffb65a2c4da:   3c 44 0f b7 49 04 41 8d 40 ff 41 3b c1 44 0f 4c
0x00007ffb65a2c4ea:   c8 4d 63 c1 45 85 c9 7e 1f 48 8b c2 4c 2b da 49
0x00007ffb65a2c4fa:   8b d0 0f 1f 40 00 41 0f b6 4c 03 06 88 08 48 8d
0x00007ffb65a2c50a:   40 01 48 83 ea 01 75 ee 43 c6 04 10 00 49 8b c2
0x00007ffb65a2c51a:   c3 cc cc cc cc cc 48 89 5c 24 08 57 48 83 ec 20
0x00007ffb65a2c52a:   0f b7 59 04 48 8b f9 33 d2 48 8d 4b 01 e8 24 e8
0x00007ffb65a2c53a:   f2 ff 0f b7 57 04 4c 8b c0 3b da 0f 42 d3 44 8b
0x00007ffb65a2c54a:   ca 85 d2 74 39 48 2b f8 0f 1f 40 00 66 66 0f 1f
0x00007ffb65a2c55a:   84 00 00 00 00 00 0f b6 4c 07 06 88 08 48 ff c0
0x00007ffb65a2c56a:   48 8b c8 49 2b c8 49 3b c9 7c eb 42 c6 04 02 00
0x00007ffb65a2c57a:   49 8b c0 48 8b 5c 24 30 48 83 c4 20 5f c3 48 8b
0x00007ffb65a2c58a:   5c 24 30 c6 04 02 00 48 83 c4 20 5f c3 cc cc cc
0x00007ffb65a2c59a:   cc cc cc cc cc cc 4c 8b d1 45 85 c0 7e 6c 44 0f
0x00007ffb65a2c5aa:   b7 49 04 41 8d 40 ff 41 3b c1 44 0f 4c c8 4d 63
0x00007ffb65a2c5ba:   d9 45 85 c9 7e 22 48 8b ca 4c 2b d2 4d 8b c3 0f
0x00007ffb65a2c5ca:   1f 80 00 00 00 00 41 0f b6 44 0a 06 88 01 48 8d
0x00007ffb65a2c5da:   49 01 49 83 e8 01 75 ee 41 c6 04 13 00 48 c7 c0
0x00007ffb65a2c5ea:   ff ff ff ff 66 90 48 ff c0 80 3c 02 00 75 f7 48
0x00007ffb65a2c5fa:   63 c8 85 c0 48 8b c2 7e 14 80 38 2f 75 03 c6 00
0x00007ffb65a2c60a:   2e 48 ff c0 48 83 e9 01 75 ef 48 8b c2 c3 cc cc
0x00007ffb65a2c61a:   cc cc cc cc cc cc 48 83 ec 28 e8 f7 fe ff ff 4c 


Stack slot to memory mapping:
stack at sp + 0 slots: 0x000000000000001c is an unknown value
stack at sp + 1 slots: 0x0000000800186ee0 is a pointer to class: 
ColasPrioridad.BinaryHeapMin {0x0000000800186ee8}
 - instance size:     3
 - klass size:        80
 - access:            public synchronized 
 - state:             fully_initialized
 - name:              'ColasPrioridad/BinaryHeapMin'
 - super:             'java/lang/Object'
 - sub:               
 - arrays:            NULL
 - methods:           Array<T>(0x00000200dc076f08)
 - method ordering:   Array<T>(0x00000200dc078000)
 - default_methods:   Array<T>(0x0000000000000000)
 - local interfaces:  Array<T>(0x00000200dc0548e0)
 - trans. interfaces: Array<T>(0x00000200dc0548e0)
 - constants:         constant pool [138] {0x00000200dc078ab0} for 'ColasPrioridad/BinaryHeapMin' cache=0x00000200dc078f40
 - class loader data:  loader data: 0x00000200dac0e5f0 for instance a 'jdk/internal/loader/ClassLoaders$AppClassLoader'{0x0000000710e00000}
 - source file:       'BinaryHeapMin.java'
 - source debug extension:       SMAP
BinaryHeapMin.java
Java
*S jdt
*F
1 BinaryHeapMin.java
2 file:/C:/Users/byjon/Desktop/UNI/ED%20(Estructura%20de%20datos)/Practicas/ARBOLES/Sesion1/WS/Arboles/bin/
*L
*E

 - class annotations:       Array<T>(0x0000000000000000)
 - class type annotations:  Array<T>(0x0000000000000000)
 - field annotations:       Array<T>(0x0000000000000000)
 - field type annotations:  Array<T>(0x0000000000000000)
 - previous version:  constant pool [133] {0x00000200dc054440} for 'ColasPrioridad/BinaryHeapMin' (extra) cache=0x00000200dc056040
 - generic signature: '
[error occurred during error reporting (inspecting top of stack), id 0xc0000005, EXCEPTION_ACCESS_VIOLATION (0xc0000005) at pc=0x00007ffb65a2d136]


---------------  P R O C E S S  ---------------

Threads class SMR info:
_java_thread_list=0x00000200db797170, length=16, elements={
0x00000200bb59b720, 0x00000200dac3d3e0, 0x00000200da075f10, 0x00000200dac4f730,
0x00000200dac74870, 0x00000200dac673d0, 0x00000200dac6b280, 0x00000200dac6cea0,
0x00000200dac6e030, 0x00000200dac87e20, 0x00000200dadf4f00, 0x00000200daf9b7f0,
0x00000200daf26740, 0x00000200daf27c40, 0x00000200db3556f0, 0x00000200db7d3060
}

Java Threads: ( => current thread )
  0x00000200bb59b720 JavaThread "main" [_thread_blocked, id=11944, stack(0x00000019fa600000,0x00000019fa700000)]
  0x00000200dac3d3e0 JavaThread "Reference Handler" daemon [_thread_blocked, id=7588, stack(0x00000019fad00000,0x00000019fae00000)]
  0x00000200da075f10 JavaThread "Finalizer" daemon [_thread_blocked, id=21680, stack(0x00000019fae00000,0x00000019faf00000)]
  0x00000200dac4f730 JavaThread "Signal Dispatcher" daemon [_thread_blocked, id=2828, stack(0x00000019faf00000,0x00000019fb000000)]
  0x00000200dac74870 JavaThread "Attach Listener" daemon [_thread_blocked, id=19920, stack(0x00000019fb000000,0x00000019fb100000)]
  0x00000200dac673d0 JavaThread "Service Thread" daemon [_thread_blocked, id=12304, stack(0x00000019fb100000,0x00000019fb200000)]
  0x00000200dac6b280 JavaThread "Monitor Deflation Thread" daemon [_thread_blocked, id=18476, stack(0x00000019fb200000,0x00000019fb300000)]
  0x00000200dac6cea0 JavaThread "C2 CompilerThread0" daemon [_thread_blocked, id=21088, stack(0x00000019fb300000,0x00000019fb400000)]
  0x00000200dac6e030 JavaThread "C1 CompilerThread0" daemon [_thread_blocked, id=11620, stack(0x00000019fb400000,0x00000019fb500000)]
  0x00000200dac87e20 JavaThread "Sweeper thread" daemon [_thread_blocked, id=2312, stack(0x00000019fb500000,0x00000019fb600000)]
  0x00000200dadf4f00 JavaThread "Common-Cleaner" daemon [_thread_blocked, id=13980, stack(0x00000019fb600000,0x00000019fb700000)]
=>0x00000200daf9b7f0 JavaThread "JDWP Transport Listener: dt_socket" daemon [_thread_in_vm, id=20244, stack(0x00000019fb700000,0x00000019fb800000)]
  0x00000200daf26740 JavaThread "JDWP Event Helper Thread" daemon [_thread_blocked, id=5492, stack(0x00000019fb800000,0x00000019fb900000)]
  0x00000200daf27c40 JavaThread "JDWP Command Reader" daemon [_thread_in_native, id=15988, stack(0x00000019fb900000,0x00000019fba00000)]
  0x00000200db3556f0 JavaThread "Notification Thread" daemon [_thread_blocked, id=6872, stack(0x00000019fbb00000,0x00000019fbc00000)]
  0x00000200db7d3060 JavaThread "ReaderThread" [_thread_in_native, id=9480, stack(0x00000019fbd00000,0x00000019fbe00000)]

Other Threads:
  0x00000200dac26340 VMThread "VM Thread" [stack: 0x00000019fac00000,0x00000019fad00000] [id=15440]
  0x00000200bb6039f0 WatcherThread [stack: 0x00000019fbc00000,0x00000019fbd00000] [id=21384]
  0x00000200bb5eaaa0 GCTaskThread "GC Thread#0" [stack: 0x00000019fa700000,0x00000019fa800000] [id=5300]
  0x00000200db997e00 GCTaskThread "GC Thread#1" [stack: 0x00000019fbe00000,0x00000019fbf00000] [id=8016]
  0x00000200db9980b0 GCTaskThread "GC Thread#2" [stack: 0x00000019fbf00000,0x00000019fc000000] [id=18584]
  0x00000200db998360 GCTaskThread "GC Thread#3" [stack: 0x00000019fc000000,0x00000019fc100000] [id=11756]
  0x00000200db998610 GCTaskThread "GC Thread#4" [stack: 0x00000019fc100000,0x00000019fc200000] [id=8912]
  0x00000200dbb3df40 GCTaskThread "GC Thread#5" [stack: 0x00000019fc200000,0x00000019fc300000] [id=20052]
  0x00000200dc6c6860 GCTaskThread "GC Thread#6" [stack: 0x00000019fc300000,0x00000019fc400000] [id=12560]
  0x00000200dc890f40 GCTaskThread "GC Thread#7" [stack: 0x00000019fc400000,0x00000019fc500000] [id=13836]
  0x00000200bb5fbf00 ConcurrentGCThread "G1 Main Marker" [stack: 0x00000019fa800000,0x00000019fa900000] [id=17984]
  0x00000200bb5fc910 ConcurrentGCThread "G1 Conc#0" [stack: 0x00000019fa900000,0x00000019faa00000] [id=21016]
  0x00000200d9ee64e0 ConcurrentGCThread "G1 Refine#0" [stack: 0x00000019faa00000,0x00000019fab00000] [id=20656]
  0x00000200d9ee6f00 ConcurrentGCThread "G1 Service" [stack: 0x00000019fab00000,0x00000019fac00000] [id=20748]

Threads with active compile tasks:

VM state: not at safepoint (normal execution)

VM Mutex/Monitor currently owned by a thread: None

Heap address: 0x0000000702800000, size: 4056 MB, Compressed Oops mode: Zero based, Oop shift amount: 3

CDS archive(s) not mapped
Compressed class space mapped at: 0x0000000800000000-0x0000000840000000, reserved size: 1073741824
Narrow klass base: 0x0000000800000000, Narrow klass shift: 0, Narrow klass range: 0x40000000

GC Precious Log:
 CPUs: 8 total, 8 available
 Memory: 16221M
 Large Page Support: Disabled
 NUMA Support: Disabled
 Compressed Oops: Enabled (Zero based)
 Heap Region Size: 2M
 Heap Min Capacity: 8M
 Heap Initial Capacity: 254M
 Heap Max Capacity: 4056M
 Pre-touch: Disabled
 Parallel Workers: 8
 Concurrent Workers: 2
 Concurrent Refinement Workers: 8
 Periodic GC: Disabled

Heap:
 garbage-first heap   total 260096K, used 18986K [0x0000000702800000, 0x0000000800000000)
  region size 2048K, 11 young (22528K), 2 survivors (4096K)
 Metaspace       used 14368K, committed 14528K, reserved 1064960K
  class space    used 1446K, committed 1536K, reserved 1048576K

Heap Regions: E=young(eden), S=young(survivor), O=old, HS=humongous(starts), HC=humongous(continues), CS=collection set, F=free, OA=open archive, CA=closed archive, TAMS=top-at-mark-start (previous, next)
|   0|0x0000000702800000, 0x0000000702800000, 0x0000000702a00000|  0%| F|  |TAMS 0x0000000702800000, 0x0000000702800000| Untracked 
|   1|0x0000000702a00000, 0x0000000702a00000, 0x0000000702c00000|  0%| F|  |TAMS 0x0000000702a00000, 0x0000000702a00000| Untracked 
|   2|0x0000000702c00000, 0x0000000702c00000, 0x0000000702e00000|  0%| F|  |TAMS 0x0000000702c00000, 0x0000000702c00000| Untracked 
|   3|0x0000000702e00000, 0x0000000702e00000, 0x0000000703000000|  0%| F|  |TAMS 0x0000000702e00000, 0x0000000702e00000| Untracked 
|   4|0x0000000703000000, 0x0000000703000000, 0x0000000703200000|  0%| F|  |TAMS 0x0000000703000000, 0x0000000703000000| Untracked 
|   5|0x0000000703200000, 0x0000000703200000, 0x0000000703400000|  0%| F|  |TAMS 0x0000000703200000, 0x0000000703200000| Untracked 
|   6|0x0000000703400000, 0x0000000703400000, 0x0000000703600000|  0%| F|  |TAMS 0x0000000703400000, 0x0000000703400000| Untracked 
|   7|0x0000000703600000, 0x0000000703600000, 0x0000000703800000|  0%| F|  |TAMS 0x0000000703600000, 0x0000000703600000| Untracked 
|   8|0x0000000703800000, 0x0000000703800000, 0x0000000703a00000|  0%| F|  |TAMS 0x0000000703800000, 0x0000000703800000| Untracked 
|   9|0x0000000703a00000, 0x0000000703a00000, 0x0000000703c00000|  0%| F|  |TAMS 0x0000000703a00000, 0x0000000703a00000| Untracked 
|  10|0x0000000703c00000, 0x0000000703c00000, 0x0000000703e00000|  0%| F|  |TAMS 0x0000000703c00000, 0x0000000703c00000| Untracked 
|  11|0x0000000703e00000, 0x0000000703e00000, 0x0000000704000000|  0%| F|  |TAMS 0x0000000703e00000, 0x0000000703e00000| Untracked 
|  12|0x0000000704000000, 0x0000000704000000, 0x0000000704200000|  0%| F|  |TAMS 0x0000000704000000, 0x0000000704000000| Untracked 
|  13|0x0000000704200000, 0x0000000704200000, 0x0000000704400000|  0%| F|  |TAMS 0x0000000704200000, 0x0000000704200000| Untracked 
|  14|0x0000000704400000, 0x0000000704400000, 0x0000000704600000|  0%| F|  |TAMS 0x0000000704400000, 0x0000000704400000| Untracked 
|  15|0x0000000704600000, 0x0000000704600000, 0x0000000704800000|  0%| F|  |TAMS 0x0000000704600000, 0x0000000704600000| Untracked 
|  16|0x0000000704800000, 0x0000000704800000, 0x0000000704a00000|  0%| F|  |TAMS 0x0000000704800000, 0x0000000704800000| Untracked 
|  17|0x0000000704a00000, 0x0000000704a00000, 0x0000000704c00000|  0%| F|  |TAMS 0x0000000704a00000, 0x0000000704a00000| Untracked 
|  18|0x0000000704c00000, 0x0000000704c00000, 0x0000000704e00000|  0%| F|  |TAMS 0x0000000704c00000, 0x0000000704c00000| Untracked 
|  19|0x0000000704e00000, 0x0000000704e00000, 0x0000000705000000|  0%| F|  |TAMS 0x0000000704e00000, 0x0000000704e00000| Untracked 
|  20|0x0000000705000000, 0x0000000705000000, 0x0000000705200000|  0%| F|  |TAMS 0x0000000705000000, 0x0000000705000000| Untracked 
|  21|0x0000000705200000, 0x0000000705200000, 0x0000000705400000|  0%| F|  |TAMS 0x0000000705200000, 0x0000000705200000| Untracked 
|  22|0x0000000705400000, 0x0000000705400000, 0x0000000705600000|  0%| F|  |TAMS 0x0000000705400000, 0x0000000705400000| Untracked 
|  23|0x0000000705600000, 0x0000000705600000, 0x0000000705800000|  0%| F|  |TAMS 0x0000000705600000, 0x0000000705600000| Untracked 
|  24|0x0000000705800000, 0x0000000705800000, 0x0000000705a00000|  0%| F|  |TAMS 0x0000000705800000, 0x0000000705800000| Untracked 
|  25|0x0000000705a00000, 0x0000000705a00000, 0x0000000705c00000|  0%| F|  |TAMS 0x0000000705a00000, 0x0000000705a00000| Untracked 
|  26|0x0000000705c00000, 0x0000000705c00000, 0x0000000705e00000|  0%| F|  |TAMS 0x0000000705c00000, 0x0000000705c00000| Untracked 
|  27|0x0000000705e00000, 0x0000000705e00000, 0x0000000706000000|  0%| F|  |TAMS 0x0000000705e00000, 0x0000000705e00000| Untracked 
|  28|0x0000000706000000, 0x0000000706000000, 0x0000000706200000|  0%| F|  |TAMS 0x0000000706000000, 0x0000000706000000| Untracked 
|  29|0x0000000706200000, 0x0000000706200000, 0x0000000706400000|  0%| F|  |TAMS 0x0000000706200000, 0x0000000706200000| Untracked 
|  30|0x0000000706400000, 0x0000000706400000, 0x0000000706600000|  0%| F|  |TAMS 0x0000000706400000, 0x0000000706400000| Untracked 
|  31|0x0000000706600000, 0x0000000706600000, 0x0000000706800000|  0%| F|  |TAMS 0x0000000706600000, 0x0000000706600000| Untracked 
|  32|0x0000000706800000, 0x0000000706800000, 0x0000000706a00000|  0%| F|  |TAMS 0x0000000706800000, 0x0000000706800000| Untracked 
|  33|0x0000000706a00000, 0x0000000706a00000, 0x0000000706c00000|  0%| F|  |TAMS 0x0000000706a00000, 0x0000000706a00000| Untracked 
|  34|0x0000000706c00000, 0x0000000706c00000, 0x0000000706e00000|  0%| F|  |TAMS 0x0000000706c00000, 0x0000000706c00000| Untracked 
|  35|0x0000000706e00000, 0x0000000706e00000, 0x0000000707000000|  0%| F|  |TAMS 0x0000000706e00000, 0x0000000706e00000| Untracked 
|  36|0x0000000707000000, 0x0000000707000000, 0x0000000707200000|  0%| F|  |TAMS 0x0000000707000000, 0x0000000707000000| Untracked 
|  37|0x0000000707200000, 0x0000000707200000, 0x0000000707400000|  0%| F|  |TAMS 0x0000000707200000, 0x0000000707200000| Untracked 
|  38|0x0000000707400000, 0x0000000707400000, 0x0000000707600000|  0%| F|  |TAMS 0x0000000707400000, 0x0000000707400000| Untracked 
|  39|0x0000000707600000, 0x0000000707600000, 0x0000000707800000|  0%| F|  |TAMS 0x0000000707600000, 0x0000000707600000| Untracked 
|  40|0x0000000707800000, 0x0000000707800000, 0x0000000707a00000|  0%| F|  |TAMS 0x0000000707800000, 0x0000000707800000| Untracked 
|  41|0x0000000707a00000, 0x0000000707a00000, 0x0000000707c00000|  0%| F|  |TAMS 0x0000000707a00000, 0x0000000707a00000| Untracked 
|  42|0x0000000707c00000, 0x0000000707c00000, 0x0000000707e00000|  0%| F|  |TAMS 0x0000000707c00000, 0x0000000707c00000| Untracked 
|  43|0x0000000707e00000, 0x0000000707e00000, 0x0000000708000000|  0%| F|  |TAMS 0x0000000707e00000, 0x0000000707e00000| Untracked 
|  44|0x0000000708000000, 0x0000000708000000, 0x0000000708200000|  0%| F|  |TAMS 0x0000000708000000, 0x0000000708000000| Untracked 
|  45|0x0000000708200000, 0x0000000708200000, 0x0000000708400000|  0%| F|  |TAMS 0x0000000708200000, 0x0000000708200000| Untracked 
|  46|0x0000000708400000, 0x0000000708400000, 0x0000000708600000|  0%| F|  |TAMS 0x0000000708400000, 0x0000000708400000| Untracked 
|  47|0x0000000708600000, 0x0000000708600000, 0x0000000708800000|  0%| F|  |TAMS 0x0000000708600000, 0x0000000708600000| Untracked 
|  48|0x0000000708800000, 0x0000000708800000, 0x0000000708a00000|  0%| F|  |TAMS 0x0000000708800000, 0x0000000708800000| Untracked 
|  49|0x0000000708a00000, 0x0000000708a00000, 0x0000000708c00000|  0%| F|  |TAMS 0x0000000708a00000, 0x0000000708a00000| Untracked 
|  50|0x0000000708c00000, 0x0000000708c00000, 0x0000000708e00000|  0%| F|  |TAMS 0x0000000708c00000, 0x0000000708c00000| Untracked 
|  51|0x0000000708e00000, 0x0000000708e00000, 0x0000000709000000|  0%| F|  |TAMS 0x0000000708e00000, 0x0000000708e00000| Untracked 
|  52|0x0000000709000000, 0x0000000709000000, 0x0000000709200000|  0%| F|  |TAMS 0x0000000709000000, 0x0000000709000000| Untracked 
|  53|0x0000000709200000, 0x0000000709200000, 0x0000000709400000|  0%| F|  |TAMS 0x0000000709200000, 0x0000000709200000| Untracked 
|  54|0x0000000709400000, 0x0000000709400000, 0x0000000709600000|  0%| F|  |TAMS 0x0000000709400000, 0x0000000709400000| Untracked 
|  55|0x0000000709600000, 0x0000000709600000, 0x0000000709800000|  0%| F|  |TAMS 0x0000000709600000, 0x0000000709600000| Untracked 
|  56|0x0000000709800000, 0x0000000709800000, 0x0000000709a00000|  0%| F|  |TAMS 0x0000000709800000, 0x0000000709800000| Untracked 
|  57|0x0000000709a00000, 0x0000000709a00000, 0x0000000709c00000|  0%| F|  |TAMS 0x0000000709a00000, 0x0000000709a00000| Untracked 
|  58|0x0000000709c00000, 0x0000000709c00000, 0x0000000709e00000|  0%| F|  |TAMS 0x0000000709c00000, 0x0000000709c00000| Untracked 
|  59|0x0000000709e00000, 0x0000000709e00000, 0x000000070a000000|  0%| F|  |TAMS 0x0000000709e00000, 0x0000000709e00000| Untracked 
|  60|0x000000070a000000, 0x000000070a000000, 0x000000070a200000|  0%| F|  |TAMS 0x000000070a000000, 0x000000070a000000| Untracked 
|  61|0x000000070a200000, 0x000000070a200000, 0x000000070a400000|  0%| F|  |TAMS 0x000000070a200000, 0x000000070a200000| Untracked 
|  62|0x000000070a400000, 0x000000070a400000, 0x000000070a600000|  0%| F|  |TAMS 0x000000070a400000, 0x000000070a400000| Untracked 
|  63|0x000000070a600000, 0x000000070a600000, 0x000000070a800000|  0%| F|  |TAMS 0x000000070a600000, 0x000000070a600000| Untracked 
|  64|0x000000070a800000, 0x000000070a800000, 0x000000070aa00000|  0%| F|  |TAMS 0x000000070a800000, 0x000000070a800000| Untracked 
|  65|0x000000070aa00000, 0x000000070aa00000, 0x000000070ac00000|  0%| F|  |TAMS 0x000000070aa00000, 0x000000070aa00000| Untracked 
|  66|0x000000070ac00000, 0x000000070ac00000, 0x000000070ae00000|  0%| F|  |TAMS 0x000000070ac00000, 0x000000070ac00000| Untracked 
|  67|0x000000070ae00000, 0x000000070ae00000, 0x000000070b000000|  0%| F|  |TAMS 0x000000070ae00000, 0x000000070ae00000| Untracked 
|  68|0x000000070b000000, 0x000000070b000000, 0x000000070b200000|  0%| F|  |TAMS 0x000000070b000000, 0x000000070b000000| Untracked 
|  69|0x000000070b200000, 0x000000070b200000, 0x000000070b400000|  0%| F|  |TAMS 0x000000070b200000, 0x000000070b200000| Untracked 
|  70|0x000000070b400000, 0x000000070b400000, 0x000000070b600000|  0%| F|  |TAMS 0x000000070b400000, 0x000000070b400000| Untracked 
|  71|0x000000070b600000, 0x000000070b600000, 0x000000070b800000|  0%| F|  |TAMS 0x000000070b600000, 0x000000070b600000| Untracked 
|  72|0x000000070b800000, 0x000000070b800000, 0x000000070ba00000|  0%| F|  |TAMS 0x000000070b800000, 0x000000070b800000| Untracked 
|  73|0x000000070ba00000, 0x000000070ba00000, 0x000000070bc00000|  0%| F|  |TAMS 0x000000070ba00000, 0x000000070ba00000| Untracked 
|  74|0x000000070bc00000, 0x000000070bc00000, 0x000000070be00000|  0%| F|  |TAMS 0x000000070bc00000, 0x000000070bc00000| Untracked 
|  75|0x000000070be00000, 0x000000070be00000, 0x000000070c000000|  0%| F|  |TAMS 0x000000070be00000, 0x000000070be00000| Untracked 
|  76|0x000000070c000000, 0x000000070c000000, 0x000000070c200000|  0%| F|  |TAMS 0x000000070c000000, 0x000000070c000000| Untracked 
|  77|0x000000070c200000, 0x000000070c200000, 0x000000070c400000|  0%| F|  |TAMS 0x000000070c200000, 0x000000070c200000| Untracked 
|  78|0x000000070c400000, 0x000000070c400000, 0x000000070c600000|  0%| F|  |TAMS 0x000000070c400000, 0x000000070c400000| Untracked 
|  79|0x000000070c600000, 0x000000070c600000, 0x000000070c800000|  0%| F|  |TAMS 0x000000070c600000, 0x000000070c600000| Untracked 
|  80|0x000000070c800000, 0x000000070c800000, 0x000000070ca00000|  0%| F|  |TAMS 0x000000070c800000, 0x000000070c800000| Untracked 
|  81|0x000000070ca00000, 0x000000070ca00000, 0x000000070cc00000|  0%| F|  |TAMS 0x000000070ca00000, 0x000000070ca00000| Untracked 
|  82|0x000000070cc00000, 0x000000070cc00000, 0x000000070ce00000|  0%| F|  |TAMS 0x000000070cc00000, 0x000000070cc00000| Untracked 
|  83|0x000000070ce00000, 0x000000070ce00000, 0x000000070d000000|  0%| F|  |TAMS 0x000000070ce00000, 0x000000070ce00000| Untracked 
|  84|0x000000070d000000, 0x000000070d000000, 0x000000070d200000|  0%| F|  |TAMS 0x000000070d000000, 0x000000070d000000| Untracked 
|  85|0x000000070d200000, 0x000000070d200000, 0x000000070d400000|  0%| F|  |TAMS 0x000000070d200000, 0x000000070d200000| Untracked 
|  86|0x000000070d400000, 0x000000070d400000, 0x000000070d600000|  0%| F|  |TAMS 0x000000070d400000, 0x000000070d400000| Untracked 
|  87|0x000000070d600000, 0x000000070d600000, 0x000000070d800000|  0%| F|  |TAMS 0x000000070d600000, 0x000000070d600000| Untracked 
|  88|0x000000070d800000, 0x000000070d800000, 0x000000070da00000|  0%| F|  |TAMS 0x000000070d800000, 0x000000070d800000| Untracked 
|  89|0x000000070da00000, 0x000000070da00000, 0x000000070dc00000|  0%| F|  |TAMS 0x000000070da00000, 0x000000070da00000| Untracked 
|  90|0x000000070dc00000, 0x000000070dc00000, 0x000000070de00000|  0%| F|  |TAMS 0x000000070dc00000, 0x000000070dc00000| Untracked 
|  91|0x000000070de00000, 0x000000070de00000, 0x000000070e000000|  0%| F|  |TAMS 0x000000070de00000, 0x000000070de00000| Untracked 
|  92|0x000000070e000000, 0x000000070e000000, 0x000000070e200000|  0%| F|  |TAMS 0x000000070e000000, 0x000000070e000000| Untracked 
|  93|0x000000070e200000, 0x000000070e200000, 0x000000070e400000|  0%| F|  |TAMS 0x000000070e200000, 0x000000070e200000| Untracked 
|  94|0x000000070e400000, 0x000000070e400000, 0x000000070e600000|  0%| F|  |TAMS 0x000000070e400000, 0x000000070e400000| Untracked 
|  95|0x000000070e600000, 0x000000070e600000, 0x000000070e800000|  0%| F|  |TAMS 0x000000070e600000, 0x000000070e600000| Untracked 
|  96|0x000000070e800000, 0x000000070e800000, 0x000000070ea00000|  0%| F|  |TAMS 0x000000070e800000, 0x000000070e800000| Untracked 
|  97|0x000000070ea00000, 0x000000070ea00000, 0x000000070ec00000|  0%| F|  |TAMS 0x000000070ea00000, 0x000000070ea00000| Untracked 
|  98|0x000000070ec00000, 0x000000070ec00000, 0x000000070ee00000|  0%| F|  |TAMS 0x000000070ec00000, 0x000000070ec00000| Untracked 
|  99|0x000000070ee00000, 0x000000070ee00000, 0x000000070f000000|  0%| F|  |TAMS 0x000000070ee00000, 0x000000070ee00000| Untracked 
| 100|0x000000070f000000, 0x000000070f000000, 0x000000070f200000|  0%| F|  |TAMS 0x000000070f000000, 0x000000070f000000| Untracked 
| 101|0x000000070f200000, 0x000000070f200000, 0x000000070f400000|  0%| F|  |TAMS 0x000000070f200000, 0x000000070f200000| Untracked 
| 102|0x000000070f400000, 0x000000070f400000, 0x000000070f600000|  0%| F|  |TAMS 0x000000070f400000, 0x000000070f400000| Untracked 
| 103|0x000000070f600000, 0x000000070f600000, 0x000000070f800000|  0%| F|  |TAMS 0x000000070f600000, 0x000000070f600000| Untracked 
| 104|0x000000070f800000, 0x000000070f800000, 0x000000070fa00000|  0%| F|  |TAMS 0x000000070f800000, 0x000000070f800000| Untracked 
| 105|0x000000070fa00000, 0x000000070fa00000, 0x000000070fc00000|  0%| F|  |TAMS 0x000000070fa00000, 0x000000070fa00000| Untracked 
| 106|0x000000070fc00000, 0x000000070fc00000, 0x000000070fe00000|  0%| F|  |TAMS 0x000000070fc00000, 0x000000070fc00000| Untracked 
| 107|0x000000070fe00000, 0x000000070fe00000, 0x0000000710000000|  0%| F|  |TAMS 0x000000070fe00000, 0x000000070fe00000| Untracked 
| 108|0x0000000710000000, 0x0000000710000000, 0x0000000710200000|  0%| F|  |TAMS 0x0000000710000000, 0x0000000710000000| Untracked 
| 109|0x0000000710200000, 0x0000000710200000, 0x0000000710400000|  0%| F|  |TAMS 0x0000000710200000, 0x0000000710200000| Untracked 
| 110|0x0000000710400000, 0x0000000710400000, 0x0000000710600000|  0%| F|  |TAMS 0x0000000710400000, 0x0000000710400000| Untracked 
| 111|0x0000000710600000, 0x0000000710600000, 0x0000000710800000|  0%| F|  |TAMS 0x0000000710600000, 0x0000000710600000| Untracked 
| 112|0x0000000710800000, 0x0000000710800000, 0x0000000710a00000|  0%| F|  |TAMS 0x0000000710800000, 0x0000000710800000| Untracked 
| 113|0x0000000710a00000, 0x0000000710a00000, 0x0000000710c00000|  0%| F|  |TAMS 0x0000000710a00000, 0x0000000710a00000| Untracked 
| 114|0x0000000710c00000, 0x0000000710c8aa88, 0x0000000710e00000| 27%| S|CS|TAMS 0x0000000710c00000, 0x0000000710c00000| Complete 
| 115|0x0000000710e00000, 0x0000000711000000, 0x0000000711000000|100%| S|CS|TAMS 0x0000000710e00000, 0x0000000710e00000| Complete 
| 116|0x0000000711000000, 0x0000000711000000, 0x0000000711200000|  0%| F|  |TAMS 0x0000000711000000, 0x0000000711000000| Untracked 
| 117|0x0000000711200000, 0x0000000711200000, 0x0000000711400000|  0%| F|  |TAMS 0x0000000711200000, 0x0000000711200000| Untracked 
| 118|0x0000000711400000, 0x00000007115d4d40, 0x0000000711600000| 91%| E|  |TAMS 0x0000000711400000, 0x0000000711400000| Complete 
| 119|0x0000000711600000, 0x0000000711800000, 0x0000000711800000|100%| E|CS|TAMS 0x0000000711600000, 0x0000000711600000| Complete 
| 120|0x0000000711800000, 0x0000000711a00000, 0x0000000711a00000|100%| E|CS|TAMS 0x0000000711800000, 0x0000000711800000| Complete 
| 121|0x0000000711a00000, 0x0000000711c00000, 0x0000000711c00000|100%| E|CS|TAMS 0x0000000711a00000, 0x0000000711a00000| Complete 
| 122|0x0000000711c00000, 0x0000000711e00000, 0x0000000711e00000|100%| E|CS|TAMS 0x0000000711c00000, 0x0000000711c00000| Complete 
| 123|0x0000000711e00000, 0x0000000712000000, 0x0000000712000000|100%| E|CS|TAMS 0x0000000711e00000, 0x0000000711e00000| Complete 
| 124|0x0000000712000000, 0x0000000712200000, 0x0000000712200000|100%| E|CS|TAMS 0x0000000712000000, 0x0000000712000000| Complete 
| 125|0x0000000712200000, 0x0000000712400000, 0x0000000712400000|100%| E|CS|TAMS 0x0000000712200000, 0x0000000712200000| Complete 
| 126|0x0000000712400000, 0x0000000712600000, 0x0000000712600000|100%| E|CS|TAMS 0x0000000712400000, 0x0000000712400000| Complete 

Card table byte_map: [0x00000200ce760000,0x00000200cef50000] _byte_map_base: 0x00000200caf4c000

Marking Bits (Prev, Next): (CMBitMap*) 0x00000200bb5eb0b0, (CMBitMap*) 0x00000200bb5eb0f0
 Prev Bits: [0x00000200cf740000, 0x00000200d36a0000)
 Next Bits: [0x00000200d36a0000, 0x00000200d7600000)

Polling page: 0x00000200b9550000

Metaspace:

Usage:
  Non-class:     12.62 MB used.
      Class:      1.41 MB used.
       Both:     14.03 MB used.

Virtual space:
  Non-class space:       16.00 MB reserved,      12.69 MB ( 79%) committed,  2 nodes.
      Class space:        1.00 GB reserved,       1.50 MB ( <1%) committed,  1 nodes.
             Both:        1.02 GB reserved,      14.19 MB (  1%) committed. 

Chunk freelists:
   Non-Class:  2.52 MB
       Class:  2.45 MB
        Both:  4.97 MB

MaxMetaspaceSize: unlimited
CompressedClassSpaceSize: 1.00 GB
Initial GC threshold: 21.00 MB
Current GC threshold: 21.00 MB
CDS: off
MetaspaceReclaimPolicy: balanced
 - commit_granule_bytes: 65536.
 - commit_granule_words: 8192.
 - virtual_space_node_default_size: 1048576.
 - enlarge_chunks_in_place: 1.
 - new_chunks_are_fully_committed: 0.
 - uncommit_free_chunks: 1.
 - use_allocation_guard: 0.
 - handle_deallocations: 1.


Internal statistics:

num_allocs_failed_limit: 0.
num_arena_births: 84.
num_arena_deaths: 0.
num_vsnodes_births: 3.
num_vsnodes_deaths: 0.
num_space_committed: 227.
num_space_uncommitted: 0.
num_chunks_returned_to_freelist: 0.
num_chunks_taken_from_freelist: 302.
num_chunk_merges: 0.
num_chunk_splits: 145.
num_chunks_enlarged: 83.
num_purges: 0.
num_inconsistent_stats: 0.

CodeHeap 'non-profiled nmethods': size=120000Kb used=568Kb max_used=568Kb free=119431Kb
 bounds [0x00000200c6710000, 0x00000200c6980000, 0x00000200cdc40000]
CodeHeap 'profiled nmethods': size=120000Kb used=3046Kb max_used=3046Kb free=116953Kb
 bounds [0x00000200bf1e0000, 0x00000200bf4e0000, 0x00000200c6710000]
CodeHeap 'non-nmethods': size=5760Kb used=1224Kb max_used=1254Kb free=4535Kb
 bounds [0x00000200bec40000, 0x00000200beeb0000, 0x00000200bf1e0000]
 total_blobs=1904 nmethods=1457 adapters=360
 compilation: enabled
              stopped_count=0, restarted_count=0
 full_count=0

Compilation events (20 events):
Event: 0.725 Thread 0x00000200dac6e030 1450       3       java.lang.String::isLatin1 (19 bytes)
Event: 0.725 Thread 0x00000200dac6e030 nmethod 1450 0x00000200bf4d5e90 code [0x00000200bf4d6020, 0x00000200bf4d6198]
Event: 0.725 Thread 0x00000200dac6e030 1448       3       org.junit.jupiter.engine.extension.MutableExtensionRegistry$$Lambda$254/0x000000080015c1f8::test (12 bytes)
Event: 0.726 Thread 0x00000200dac6e030 nmethod 1448 0x00000200bf4d6210 code [0x00000200bf4d63c0, 0x00000200bf4d6618]
Event: 0.726 Thread 0x00000200dac6e030 1449       3       java.util.stream.ReferencePipeline::map (26 bytes)
Event: 0.726 Thread 0x00000200dac6e030 nmethod 1449 0x00000200bf4d6710 code [0x00000200bf4d6900, 0x00000200bf4d6e58]
Event: 0.726 Thread 0x00000200dac6e030 1452       3       java.util.Collection::stream (11 bytes)
Event: 0.726 Thread 0x00000200dac6e030 nmethod 1452 0x00000200bf4d7090 code [0x00000200bf4d7240, 0x00000200bf4d7438]
Event: 0.726 Thread 0x00000200dac6e030 1451       3       java.util.ArrayList::spliterator (12 bytes)
Event: 0.726 Thread 0x00000200db388800 1454       4       java.util.stream.AbstractPipeline::isParallel (8 bytes)
Event: 0.726 Thread 0x00000200dac6e030 nmethod 1451 0x00000200bf4d7510 code [0x00000200bf4d76c0, 0x00000200bf4d7958]
Event: 0.726 Thread 0x00000200dac6e030 1455       3       java.util.stream.ReferencePipeline$2::opWrapSink (10 bytes)
Event: 0.726 Thread 0x00000200dac6e030 nmethod 1455 0x00000200bf4d7a90 code [0x00000200bf4d7c80, 0x00000200bf4d8288]
Event: 0.726 Thread 0x00000200dac6e030 1456       3       java.util.stream.ReferencePipeline$2$1::<init> (11 bytes)
Event: 0.726 Thread 0x00000200db388800 nmethod 1454 0x00000200c679df90 code [0x00000200c679e100, 0x00000200c679e1b8]
Event: 0.726 Thread 0x00000200dac6e030 nmethod 1456 0x00000200bf4d8490 code [0x00000200bf4d8660, 0x00000200bf4d8b88]
Event: 0.726 Thread 0x00000200dac6e030 1457       3       java.util.stream.ReferencePipeline$2$1::begin (13 bytes)
Event: 0.726 Thread 0x00000200dac6e030 nmethod 1457 0x00000200bf4d8d10 code [0x00000200bf4d8ec0, 0x00000200bf4d90a8]
Event: 0.726 Thread 0x00000200dac6e030 1453       3       java.util.stream.Streams$ConcatSpliterator::characteristics (56 bytes)
Event: 0.726 Thread 0x00000200dac6e030 nmethod 1453 0x00000200bf4d9190 code [0x00000200bf4d9360, 0x00000200bf4d97c8]

GC Heap History (2 events):
Event: 0.554 GC heap before
{Heap before GC invocations=0 (full 0):
 garbage-first heap   total 260096K, used 20480K [0x0000000702800000, 0x0000000800000000)
  region size 2048K, 11 young (22528K), 0 survivors (0K)
 Metaspace       used 12223K, committed 12352K, reserved 1064960K
  class space    used 1133K, committed 1216K, reserved 1048576K
}
Event: 0.556 GC heap after
{Heap after GC invocations=1 (full 0):
 garbage-first heap   total 260096K, used 2602K [0x0000000702800000, 0x0000000800000000)
  region size 2048K, 2 young (4096K), 2 survivors (4096K)
 Metaspace       used 12223K, committed 12352K, reserved 1064960K
  class space    used 1133K, committed 1216K, reserved 1048576K
}

Deoptimization events (20 events):
Event: 0.700 Thread 0x00000200bb59b720 Uncommon trap: trap_request=0xffffffde fr.pc=0x00000200c6798658 relative=0x0000000000000138
Event: 0.700 Thread 0x00000200bb59b720 Uncommon trap: reason=class_check action=maybe_recompile pc=0x00000200c6798658 method=jdk.internal.misc.Unsafe.allocateUninitializedArray(Ljava/lang/Class;I)Ljava/lang/Object; @ 51 c2
Event: 0.700 Thread 0x00000200bb59b720 DEOPT PACKING pc=0x00000200c6798658 sp=0x00000019fa6fc3e0
Event: 0.700 Thread 0x00000200bb59b720 DEOPT UNPACKING pc=0x00000200bec923a3 sp=0x00000019fa6fc368 mode 2
Event: 0.710 Thread 0x00000200bb59b720 Uncommon trap: trap_request=0xffffff45 fr.pc=0x00000200c6740d4c relative=0x000000000000090c
Event: 0.710 Thread 0x00000200bb59b720 Uncommon trap: reason=unstable_if action=reinterpret pc=0x00000200c6740d4c method=org.eclipse.jdt.launching.internal.org.objectweb.asm.ClassReader.readUtf(II[C)Ljava/lang/String; @ 41 c2
Event: 0.710 Thread 0x00000200bb59b720 DEOPT PACKING pc=0x00000200c6740d4c sp=0x00000019fa6fa2a0
Event: 0.710 Thread 0x00000200bb59b720 DEOPT UNPACKING pc=0x00000200bec923a3 sp=0x00000019fa6fa288 mode 2
Event: 0.710 Thread 0x00000200bb59b720 Uncommon trap: trap_request=0xffffff45 fr.pc=0x00000200c67192f0 relative=0x0000000000000250
Event: 0.710 Thread 0x00000200bb59b720 Uncommon trap: reason=unstable_if action=reinterpret pc=0x00000200c67192f0 method=java.lang.String.isLatin1()Z @ 10 c2
Event: 0.710 Thread 0x00000200bb59b720 DEOPT PACKING pc=0x00000200c67192f0 sp=0x00000019fa6fa320
Event: 0.710 Thread 0x00000200bb59b720 DEOPT UNPACKING pc=0x00000200bec923a3 sp=0x00000019fa6fa250 mode 2
Event: 0.710 Thread 0x00000200bb59b720 Uncommon trap: trap_request=0xffffff45 fr.pc=0x00000200c671f260 relative=0x0000000000000060
Event: 0.710 Thread 0x00000200bb59b720 Uncommon trap: reason=unstable_if action=reinterpret pc=0x00000200c671f260 method=java.lang.String.isLatin1()Z @ 10 c2
Event: 0.710 Thread 0x00000200bb59b720 DEOPT PACKING pc=0x00000200c671f260 sp=0x00000019fa6fa2a0
Event: 0.710 Thread 0x00000200bb59b720 DEOPT UNPACKING pc=0x00000200bec923a3 sp=0x00000019fa6fa240 mode 2
Event: 0.710 Thread 0x00000200bb59b720 Uncommon trap: trap_request=0xffffff45 fr.pc=0x00000200c6725448 relative=0x0000000000000048
Event: 0.710 Thread 0x00000200bb59b720 Uncommon trap: reason=unstable_if action=reinterpret pc=0x00000200c6725448 method=java.lang.CharacterData.of(I)Ljava/lang/CharacterData; @ 4 c2
Event: 0.710 Thread 0x00000200bb59b720 DEOPT PACKING pc=0x00000200c6725448 sp=0x00000019fa6fbbc0
Event: 0.710 Thread 0x00000200bb59b720 DEOPT UNPACKING pc=0x00000200bec923a3 sp=0x00000019fa6fbb60 mode 2

Classes unloaded (0 events):
No events

Classes redefined (1 events):
Event: 33.478 Thread 0x00000200dac26340 redefined class name=ColasPrioridad.BinaryHeapMin, count=1

Internal exceptions (20 events):
Event: 0.567 Thread 0x00000200bb59b720 Exception <a 'java/lang/NoSuchMethodError'{0x00000007125a50f0}: 'java.lang.Object java.lang.invoke.DirectMethodHandle$Holder.invokeInterface(java.lang.Object, java.lang.Object)'> (0x00000007125a50f0) 
thrown [e:\jenkins\tmp\workspace\build\src\src\hotspot\share\interpreter\linkResolver.cpp, line 766]
Event: 0.572 Thread 0x00000200bb59b720 Exception <a 'java/lang/NoSuchMethodError'{0x00000007125fa9c8}: 'java.lang.Object java.lang.invoke.DirectMethodHandle$Holder.invokeSpecialIFC(java.lang.Object, java.lang.Object, java.lang.Object, java.lang.Object)'> (0x00000007125fa9c8) 
thrown [e:\jenkins\tmp\workspace\build\src\src\hotspot\share\interpreter\linkResolver.cpp, line 766]
Event: 0.580 Thread 0x00000200bb59b720 Exception <a 'java/lang/NoSuchMethodError'{0x0000000712299c78}: 'void java.lang.invoke.DirectMethodHandle$Holder.invokeInterface(java.lang.Object, java.lang.Object, java.lang.Object)'> (0x0000000712299c78) 
thrown [e:\jenkins\tmp\workspace\build\src\src\hotspot\share\interpreter\linkResolver.cpp, line 766]
Event: 0.584 Thread 0x00000200bb59b720 Exception <a 'java/lang/NoSuchMethodError'{0x0000000712324f40}: 'java.lang.Object java.lang.invoke.DirectMethodHandle$Holder.newInvokeSpecial(java.lang.Object, java.lang.Object, java.lang.Object, java.lang.Object, java.lang.Object, java.lang.Object)'> (0x0000000712324f40) 
thrown [e:\jenkins\tmp\workspace\build\src\src\hotspot\share\interpreter\linkResolver.cpp, line 766]
Event: 0.589 Thread 0x00000200bb59b720 Exception <a 'java/lang/NoSuchMethodError'{0x00000007123c5e28}: 'void java.lang.invoke.DirectMethodHandle$Holder.invokeInterface(java.lang.Object, java.lang.Object, java.lang.Object, java.lang.Object, java.lang.Object)'> (0x00000007123c5e28) 
thrown [e:\jenkins\tmp\workspace\build\src\src\hotspot\share\interpreter\linkResolver.cpp, line 766]
Event: 0.590 Thread 0x00000200bb59b720 Exception <a 'java/lang/IncompatibleClassChangeError'{0x00000007123c9af8}: Found class java.lang.Object, but interface was expected> (0x00000007123c9af8) 
thrown [e:\jenkins\tmp\workspace\build\src\src\hotspot\share\interpreter\linkResolver.cpp, line 833]
Event: 0.595 Thread 0x00000200bb59b720 Exception <a 'java/lang/IncompatibleClassChangeError'{0x0000000712022bb8}: Found class java.lang.Object, but interface was expected> (0x0000000712022bb8) 
thrown [e:\jenkins\tmp\workspace\build\src\src\hotspot\share\interpreter\linkResolver.cpp, line 833]
Event: 0.599 Thread 0x00000200bb59b720 Exception <a 'java/lang/NoSuchMethodError'{0x000000071205c6d8}: 'void java.lang.invoke.DirectMethodHandle$Holder.invokeSpecial(java.lang.Object, java.lang.Object, java.lang.Object, java.lang.Object, java.lang.Object)'> (0x000000071205c6d8) 
thrown [e:\jenkins\tmp\workspace\build\src\src\hotspot\share\interpreter\linkResolver.cpp, line 766]
Event: 0.632 Thread 0x00000200bb59b720 Exception <a 'java/lang/NoSuchMethodError'{0x0000000711c44bf0}: 'java.lang.Object java.lang.invoke.DirectMethodHandle$Holder.invokeVirtual(java.lang.Object, java.lang.Object, java.lang.Object)'> (0x0000000711c44bf0) 
thrown [e:\jenkins\tmp\workspace\build\src\src\hotspot\share\interpreter\linkResolver.cpp, line 766]
Event: 0.637 Thread 0x00000200bb59b720 Exception <a 'java/lang/NoSuchMethodError'{0x0000000711cc26e0}: 'void java.lang.invoke.DirectMethodHandle$Holder.invokeInterface(java.lang.Object, java.lang.Object, java.lang.Object, java.lang.Object)'> (0x0000000711cc26e0) 
thrown [e:\jenkins\tmp\workspace\build\src\src\hotspot\share\interpreter\linkResolver.cpp, line 766]
Event: 0.638 Thread 0x00000200bb59b720 Exception <a 'java/lang/IncompatibleClassChangeError'{0x0000000711cc6008}: Found class java.lang.Object, but interface was expected> (0x0000000711cc6008) 
thrown [e:\jenkins\tmp\workspace\build\src\src\hotspot\share\interpreter\linkResolver.cpp, line 833]
Event: 0.640 Thread 0x00000200bb59b720 Exception <a 'java/lang/NoSuchMethodError'{0x0000000711ceb8d8}: 'void java.lang.invoke.DirectMethodHandle$Holder.invokeStatic(java.lang.Object, java.lang.Object, java.lang.Object, java.lang.Object)'> (0x0000000711ceb8d8) 
thrown [e:\jenkins\tmp\workspace\build\src\src\hotspot\share\interpreter\linkResolver.cpp, line 766]
Event: 0.648 Thread 0x00000200bb59b720 Exception <a 'java/lang/NoSuchMethodError'{0x0000000711dcc650}: 'int java.lang.invoke.DirectMethodHandle$Holder.invokeStatic(java.lang.Object, java.lang.Object, java.lang.Object, java.lang.Object)'> (0x0000000711dcc650) 
thrown [e:\jenkins\tmp\workspace\build\src\src\hotspot\share\interpreter\linkResolver.cpp, line 766]
Event: 0.648 Thread 0x00000200bb59b720 Exception <a 'java/lang/NoSuchMethodError'{0x0000000711dcffd0}: 'java.lang.Object java.lang.invoke.Invokers$Holder.invokeExact_MT(java.lang.Object, java.lang.Object, java.lang.Object, java.lang.Object, java.lang.Object, java.lang.Object)'> (0x0000000711dcffd0) 
thrown [e:\jenkins\tmp\workspace\build\src\src\hotspot\share\interpreter\linkResolver.cpp, line 766]
Event: 0.649 Thread 0x00000200bb59b720 Exception <a 'java/lang/NoSuchMethodError'{0x0000000711de0668}: 'int java.lang.invoke.DirectMethodHandle$Holder.invokeStatic(java.lang.Object, java.lang.Object, java.lang.Object, java.lang.Object, java.lang.Object)'> (0x0000000711de0668) 
thrown [e:\jenkins\tmp\workspace\build\src\src\hotspot\share\interpreter\linkResolver.cpp, line 766]
Event: 0.678 Thread 0x00000200bb59b720 Exception <a 'java/lang/NoSuchMethodError'{0x000000071194ee00}: 'int java.lang.invoke.DirectMethodHandle$Holder.invokeStaticInit(java.lang.Object, java.lang.Object, java.lang.Object)'> (0x000000071194ee00) 
thrown [e:\jenkins\tmp\workspace\build\src\src\hotspot\share\interpreter\linkResolver.cpp, line 766]
Event: 0.698 Thread 0x00000200bb59b720 Exception <a 'java/lang/NoSuchMethodError'{0x0000000711676210}: 'java.lang.Object java.lang.invoke.DirectMethodHandle$Holder.newInvokeSpecial(java.lang.Object, java.lang.Object, java.lang.Object, java.lang.Object, java.lang.Object, java.lang.Object, java.lang.Object)'> (0x0000000711676210) 
thrown [e:\jenkins\tmp\workspace\build\src\src\hotspot\share\interpreter\linkResolver.cpp, line 766]
Event: 0.698 Thread 0x00000200bb59b720 Exception <a 'java/lang/NoSuchMethodError'{0x000000071167adc8}: 'java.lang.Object java.lang.invoke.Invokers$Holder.linkToTargetMethod(java.lang.Object, java.lang.Object, java.lang.Object, java.lang.Object, java.lang.Object, java.lang.Object, java.lang.Object)'> (0x000000071167adc8) 
thrown [e:\jenkins\tmp\workspace\build\src\src\hotspot\share\interpreter\linkResolver.cpp, line 766]
Event: 0.699 Thread 0x00000200bb59b720 Exception <a 'java/lang/NoSuchMethodError'{0x0000000711686180}: 'java.lang.Object java.lang.invoke.DirectMethodHandle$Holder.invokeInterface(java.lang.Object, java.lang.Object, java.lang.Object, java.lang.Object, java.lang.Object)'> (0x0000000711686180) 
thrown [e:\jenkins\tmp\workspace\build\src\src\hotspot\share\interpreter\linkResolver.cpp, line 766]
Event: 0.699 Thread 0x00000200bb59b720 Exception <a 'java/lang/IncompatibleClassChangeError'{0x0000000711689f78}: Found class java.lang.Object, but interface was expected> (0x0000000711689f78) 
thrown [e:\jenkins\tmp\workspace\build\src\src\hotspot\share\interpreter\linkResolver.cpp, line 833]

VM Operations (20 events):
Event: 8.928 Executing VM operation: get/set locals
Event: 8.928 Executing VM operation: get/set locals done
Event: 8.928 Executing VM operation: get/set locals
Event: 8.928 Executing VM operation: get/set locals done
Event: 8.928 Executing VM operation: get/set locals
Event: 8.928 Executing VM operation: get/set locals done
Event: 8.928 Executing VM operation: get/set locals
Event: 8.929 Executing VM operation: get/set locals done
Event: 8.929 Executing VM operation: get/set locals
Event: 8.929 Executing VM operation: get/set locals done
Event: 8.929 Executing VM operation: get/set locals
Event: 8.929 Executing VM operation: get/set locals done
Event: 8.929 Executing VM operation: get/set locals
Event: 8.929 Executing VM operation: get/set locals done
Event: 8.930 Executing VM operation: get/set locals
Event: 8.930 Executing VM operation: get/set locals done
Event: 8.930 Executing VM operation: get/set locals
Event: 8.930 Executing VM operation: get/set locals done
Event: 33.476 Executing VM operation: RedefineClasses
Event: 33.481 Executing VM operation: RedefineClasses done

Events (20 events):
Event: 0.677 loading class java/util/concurrent/ExecutionException done
Event: 0.692 loading class java/util/stream/SpinedBuffer
Event: 0.692 loading class java/util/stream/AbstractSpinedBuffer
Event: 0.692 loading class java/util/stream/AbstractSpinedBuffer done
Event: 0.692 loading class java/util/stream/SpinedBuffer done
Event: 0.692 loading class java/util/function/BooleanSupplier
Event: 0.693 loading class java/util/function/BooleanSupplier done
Event: 0.701 loading class java/util/ArrayList$ListItr
Event: 0.701 loading class java/util/ArrayList$ListItr done
Event: 0.704 loading class sun/nio/ch/IOStatus
Event: 0.704 loading class sun/nio/ch/IOStatus done
Event: 0.710 loading class java/time/format/DateTimeParseException
Event: 0.710 loading class java/time/DateTimeException
Event: 0.710 loading class java/time/DateTimeException done
Event: 0.710 loading class java/time/format/DateTimeParseException done
Event: 0.710 loading class java/lang/CharacterData00
Event: 0.711 loading class java/lang/CharacterData00 done
Event: 0.720 loading class java/util/stream/SortedOps$RefSortingSink
Event: 0.720 loading class java/util/stream/SortedOps$RefSortingSink done
Event: 5.732 Thread 0x00000200db388800 Thread exited: 0x00000200db388800


Dynamic libraries:
0x00007ff6f7970000 - 0x00007ff6f797e000 	C:\Users\byjon\.p2\pool\plugins\org.eclipse.justj.openjdk.hotspot.jre.full.win32.x86_64_17.0.0.v20211012-1059\jre\bin\javaw.exe
0x00007ffbe65f0000 - 0x00007ffbe67e5000 	C:\WINDOWS\SYSTEM32\ntdll.dll
0x00007ffbe4bf0000 - 0x00007ffbe4cae000 	C:\WINDOWS\System32\KERNEL32.DLL
0x00007ffbe3d10000 - 0x00007ffbe3fd8000 	C:\WINDOWS\System32\KERNELBASE.dll
0x00007ffbe0310000 - 0x00007ffbe03a0000 	C:\WINDOWS\SYSTEM32\apphelp.dll
0x00007ffbe44a0000 - 0x00007ffbe45a0000 	C:\WINDOWS\System32\ucrtbase.dll
0x00007ffbe0e40000 - 0x00007ffbe0e58000 	C:\Users\byjon\.p2\pool\plugins\org.eclipse.justj.openjdk.hotspot.jre.full.win32.x86_64_17.0.0.v20211012-1059\jre\bin\jli.dll
0x00007ffbe0e20000 - 0x00007ffbe0e39000 	C:\Users\byjon\.p2\pool\plugins\org.eclipse.justj.openjdk.hotspot.jre.full.win32.x86_64_17.0.0.v20211012-1059\jre\bin\VCRUNTIME140.dll
0x00007ffbe5db0000 - 0x00007ffbe5f51000 	C:\WINDOWS\System32\USER32.dll
0x00007ffbe43c0000 - 0x00007ffbe43e2000 	C:\WINDOWS\System32\win32u.dll
0x00007ffbe3110000 - 0x00007ffbe33aa000 	C:\WINDOWS\WinSxS\amd64_microsoft.windows.common-controls_6595b64144ccf1df_6.0.19041.1110_none_60b5254171f9507e\COMCTL32.dll
0x00007ffbe5d80000 - 0x00007ffbe5dab000 	C:\WINDOWS\System32\GDI32.dll
0x00007ffbe5630000 - 0x00007ffbe56ce000 	C:\WINDOWS\System32\msvcrt.dll
0x00007ffbe41c0000 - 0x00007ffbe42cb000 	C:\WINDOWS\System32\gdi32full.dll
0x00007ffbe45a0000 - 0x00007ffbe463d000 	C:\WINDOWS\System32\msvcp_win.dll
0x00007ffbe6290000 - 0x00007ffbe62c0000 	C:\WINDOWS\System32\IMM32.DLL
0x00007ffbe16c0000 - 0x00007ffbe16cc000 	C:\Users\byjon\.p2\pool\plugins\org.eclipse.justj.openjdk.hotspot.jre.full.win32.x86_64_17.0.0.v20211012-1059\jre\bin\vcruntime140_1.dll
0x00007ffbb8460000 - 0x00007ffbb84f1000 	C:\Users\byjon\.p2\pool\plugins\org.eclipse.justj.openjdk.hotspot.jre.full.win32.x86_64_17.0.0.v20211012-1059\jre\bin\msvcp140.dll
0x00007ffb65290000 - 0x00007ffb65ed6000 	C:\Users\byjon\.p2\pool\plugins\org.eclipse.justj.openjdk.hotspot.jre.full.win32.x86_64_17.0.0.v20211012-1059\jre\bin\server\jvm.dll
0x00007ffbe53f0000 - 0x00007ffbe549c000 	C:\WINDOWS\System32\ADVAPI32.dll
0x00007ffbe54b0000 - 0x00007ffbe554b000 	C:\WINDOWS\System32\sechost.dll
0x00007ffbe4640000 - 0x00007ffbe476a000 	C:\WINDOWS\System32\RPCRT4.dll
0x00007ffbe54a0000 - 0x00007ffbe54a8000 	C:\WINDOWS\System32\PSAPI.DLL
0x00007ffbcb040000 - 0x00007ffbcb049000 	C:\WINDOWS\SYSTEM32\WSOCK32.dll
0x00007ffbe16a0000 - 0x00007ffbe16aa000 	C:\WINDOWS\SYSTEM32\VERSION.dll
0x00007ffbd0ee0000 - 0x00007ffbd0f07000 	C:\WINDOWS\SYSTEM32\WINMM.dll
0x00007ffbe58d0000 - 0x00007ffbe593b000 	C:\WINDOWS\System32\WS2_32.dll
0x00007ffbe17a0000 - 0x00007ffbe17b2000 	C:\WINDOWS\SYSTEM32\kernel.appcore.dll
0x00007ffbe12b0000 - 0x00007ffbe12ba000 	C:\Users\byjon\.p2\pool\plugins\org.eclipse.justj.openjdk.hotspot.jre.full.win32.x86_64_17.0.0.v20211012-1059\jre\bin\jimage.dll
0x00007ffbe3730000 - 0x00007ffbe3914000 	C:\WINDOWS\SYSTEM32\DBGHELP.DLL
0x00007ffbe34e0000 - 0x00007ffbe350c000 	C:\WINDOWS\SYSTEM32\dbgcore.DLL
0x00007ffbe42d0000 - 0x00007ffbe4353000 	C:\WINDOWS\System32\bcryptPrimitives.dll
0x00007ffbe0de0000 - 0x00007ffbe0e1b000 	C:\Users\byjon\.p2\pool\plugins\org.eclipse.justj.openjdk.hotspot.jre.full.win32.x86_64_17.0.0.v20211012-1059\jre\bin\jdwp.dll
0x00007ffbe11d0000 - 0x00007ffbe11de000 	C:\Users\byjon\.p2\pool\plugins\org.eclipse.justj.openjdk.hotspot.jre.full.win32.x86_64_17.0.0.v20211012-1059\jre\bin\instrument.dll
0x00007ffbe0db0000 - 0x00007ffbe0dd5000 	C:\Users\byjon\.p2\pool\plugins\org.eclipse.justj.openjdk.hotspot.jre.full.win32.x86_64_17.0.0.v20211012-1059\jre\bin\java.dll
0x00007ffbdd810000 - 0x00007ffbdd828000 	C:\Users\byjon\.p2\pool\plugins\org.eclipse.justj.openjdk.hotspot.jre.full.win32.x86_64_17.0.0.v20211012-1059\jre\bin\zip.dll
0x00007ffbe4cb0000 - 0x00007ffbe53ef000 	C:\WINDOWS\System32\SHELL32.dll
0x00007ffbe17c0000 - 0x00007ffbe1f50000 	C:\WINDOWS\SYSTEM32\windows.storage.dll
0x00007ffbe5a20000 - 0x00007ffbe5d75000 	C:\WINDOWS\System32\combase.dll
0x00007ffbe3070000 - 0x00007ffbe309e000 	C:\WINDOWS\SYSTEM32\Wldp.dll
0x00007ffbe5820000 - 0x00007ffbe58cd000 	C:\WINDOWS\System32\SHCORE.dll
0x00007ffbe6070000 - 0x00007ffbe60c5000 	C:\WINDOWS\System32\shlwapi.dll
0x00007ffbe3c50000 - 0x00007ffbe3c6f000 	C:\WINDOWS\SYSTEM32\profapi.dll
0x00007ffbe1090000 - 0x00007ffbe109c000 	C:\Users\byjon\.p2\pool\plugins\org.eclipse.justj.openjdk.hotspot.jre.full.win32.x86_64_17.0.0.v20211012-1059\jre\bin\dt_socket.dll
0x00007ffbe2ac0000 - 0x00007ffbe2afb000 	C:\WINDOWS\SYSTEM32\IPHLPAPI.DLL
0x00007ffbe2f40000 - 0x00007ffbe2faa000 	C:\WINDOWS\system32\mswsock.dll
0x00007ffbe2b00000 - 0x00007ffbe2bcb000 	C:\WINDOWS\SYSTEM32\DNSAPI.dll
0x00007ffbe57f0000 - 0x00007ffbe57f8000 	C:\WINDOWS\System32\NSI.dll
0x00007ffbd7950000 - 0x00007ffbd795a000 	C:\Windows\System32\rasadhlp.dll
0x00007ffbd4630000 - 0x00007ffbd46af000 	C:\WINDOWS\System32\fwpuclnt.dll
0x00007ffbe4190000 - 0x00007ffbe41b7000 	C:\WINDOWS\System32\bcrypt.dll
0x00007ffbdd7f0000 - 0x00007ffbdd809000 	C:\Users\byjon\.p2\pool\plugins\org.eclipse.justj.openjdk.hotspot.jre.full.win32.x86_64_17.0.0.v20211012-1059\jre\bin\net.dll
0x00007ffbd7840000 - 0x00007ffbd794c000 	C:\WINDOWS\SYSTEM32\WINHTTP.dll
0x00007ffbd4b40000 - 0x00007ffbd4b55000 	C:\Users\byjon\.p2\pool\plugins\org.eclipse.justj.openjdk.hotspot.jre.full.win32.x86_64_17.0.0.v20211012-1059\jre\bin\nio.dll
0x00007ffbe1040000 - 0x00007ffbe1050000 	C:\Users\byjon\.p2\pool\plugins\org.eclipse.justj.openjdk.hotspot.jre.full.win32.x86_64_17.0.0.v20211012-1059\jre\bin\verify.dll
0x00007ffbdb9a0000 - 0x00007ffbdb9b7000 	C:\WINDOWS\SYSTEM32\dhcpcsvc6.DLL
0x00007ffbdb980000 - 0x00007ffbdb99d000 	C:\WINDOWS\SYSTEM32\dhcpcsvc.DLL

dbghelp: loaded successfully - version: 4.0.5 - missing functions: none
symbol engine: initialized successfully - sym options: 0x614 - pdb path: .;C:\Users\byjon\.p2\pool\plugins\org.eclipse.justj.openjdk.hotspot.jre.full.win32.x86_64_17.0.0.v20211012-1059\jre\bin;C:\WINDOWS\SYSTEM32;C:\WINDOWS\WinSxS\amd64_microsoft.windows.common-controls_6595b64144ccf1df_6.0.19041.1110_none_60b5254171f9507e;C:\Users\byjon\.p2\pool\plugins\org.eclipse.justj.openjdk.hotspot.jre.full.win32.x86_64_17.0.0.v20211012-1059\jre\bin\server

VM Arguments:
jvm_args: -XX:+ShowCodeDetailsInExceptionMessages -agentlib:jdwp=transport=dt_socket,suspend=y,address=localhost:61798 -ea -javaagent:C:\Users\byjon\eclipse\java-2021-062\eclipse\configuration\org.eclipse.osgi\222\0\.cp\lib\javaagent-shaded.jar -Dfile.encoding=Cp1252 
java_command: org.eclipse.jdt.internal.junit.runner.RemoteTestRunner -version 3 -port 61797 -testLoaderClass org.eclipse.jdt.internal.junit5.runner.JUnit5TestLoader -loaderpluginname org.eclipse.jdt.junit5.runtime -classNames ColasPrioridad.BinaryHeapMinTest
java_class_path (initial): C:\Users\byjon\Desktop\UNI\ED (Estructura de datos)\Practicas\ARBOLES\Sesion1\WS\Arboles\bin;C:\Users\byjon\.p2\pool\plugins\org.junit.jupiter.api_5.7.1.v20210222-1948.jar;C:\Users\byjon\.p2\pool\plugins\org.junit.jupiter.engine_5.7.1.v20210222-1948.jar;C:\Users\byjon\.p2\pool\plugins\org.junit.jupiter.migrationsupport_5.7.1.v20210222-1948.jar;C:\Users\byjon\.p2\pool\plugins\org.junit.jupiter.params_5.7.1.v20210222-1948.jar;C:\Users\byjon\.p2\pool\plugins\org.junit.platform.commons_1.7.1.v20210222-1948.jar;C:\Users\byjon\.p2\pool\plugins\org.junit.platform.engine_1.7.1.v20210222-1948.jar;C:\Users\byjon\.p2\pool\plugins\org.junit.platform.launcher_1.7.1.v20210222-1948.jar;C:\Users\byjon\.p2\pool\plugins\org.junit.platform.runner_1.7.1.v20210222-1948.jar;C:\Users\byjon\.p2\pool\plugins\org.junit.platform.suite.api_1.7.1.v20210222-1948.jar;C:\Users\byjon\.p2\pool\plugins\org.junit.vintage.engine_5.7.1.v20210222-1948.jar;C:\Users\byjon\.p2\pool\plugins\org.opentest4j_1.2.0.v20190826-0900.jar;C:\Users\byjon\.p2\pool\plugins\org.apiguardian_1.1.0.v20190826-0900.jar;C:\Users\byjon\.p2\pool\plugins\org.junit_4.13.0.v20200204-1500.jar;C:\Users\byjon\.p2\pool\plugins\org.hamcrest.core_1.3.0.v20180420-1519.jar;C:\Users\byjon\eclipse\java-2021-062\eclipse\configuration\org.eclipse.osgi\221\0\.cp;C:\Users\byjon\eclipse\java-2021-062\eclipse\configuration\org.eclipse.osgi\219\0\.cp
Launcher Type: SUN_STANDARD

[Global flags]
     intx CICompilerCount                          = 4                                         {product} {ergonomic}
     uint ConcGCThreads                            = 2                                         {product} {ergonomic}
     uint G1ConcRefinementThreads                  = 8                                         {product} {ergonomic}
   size_t G1HeapRegionSize                         = 2097152                                   {product} {ergonomic}
    uintx GCDrainStackTargetSize                   = 64                                        {product} {ergonomic}
   size_t InitialHeapSize                          = 266338304                                 {product} {ergonomic}
   size_t MarkStackSize                            = 4194304                                   {product} {ergonomic}
   size_t MaxHeapSize                              = 4253024256                                {product} {ergonomic}
   size_t MaxNewSize                               = 2550136832                                {product} {ergonomic}
   size_t MinHeapDeltaBytes                        = 2097152                                   {product} {ergonomic}
   size_t MinHeapSize                              = 8388608                                   {product} {ergonomic}
    uintx NonNMethodCodeHeapSize                   = 5839372                                {pd product} {ergonomic}
    uintx NonProfiledCodeHeapSize                  = 122909434                              {pd product} {ergonomic}
    uintx ProfiledCodeHeapSize                     = 122909434                              {pd product} {ergonomic}
    uintx ReservedCodeCacheSize                    = 251658240                              {pd product} {ergonomic}
     bool SegmentedCodeCache                       = true                                      {product} {ergonomic}
     bool ShowCodeDetailsInExceptionMessages       = true                                   {manageable} {command line}
   size_t SoftMaxHeapSize                          = 4253024256                             {manageable} {ergonomic}
     bool UseCompressedClassPointers               = true                           {product lp64_product} {ergonomic}
     bool UseCompressedOops                        = true                           {product lp64_product} {ergonomic}
     bool UseG1GC                                  = true                                      {product} {ergonomic}
     bool UseLargePagesIndividualAllocation        = false                                  {pd product} {ergonomic}

Logging:
Log output configuration:
 #0: stdout all=warning uptime,level,tags
 #1: stderr all=off uptime,level,tags

Environment Variables:
PATH=C:\Users\byjon\.p2\pool\plugins\org.eclipse.justj.openjdk.hotspot.jre.full.win32.x86_64_17.0.0.v20211012-1059\jre\bin;C:\Program Files\Common Files\Oracle\Java\javapath;C:\WINDOWS\system32;C:\WINDOWS;C:\WINDOWS\System32\Wbem;C:\WINDOWS\System32\WindowsPowerShell\v1.0\;C:\WINDOWS\System32\OpenSSH\;C:\Program Files (x86)\dotnet\;C:\Program Files (x86)\NVIDIA Corporation\PhysX\Common;C:\Program Files\NVIDIA Corporation\NVIDIA NvDLISR;C:\Program Files\PuTTY\;C:\Users\byjon\AppData\Local\Microsoft\WindowsApps;?C:\Program Files\Java\jdk-16\bin;C:\Users\byjon\AppData\Local\atom\bin
USERNAME=byjon
OS=Windows_NT
PROCESSOR_IDENTIFIER=Intel64 Family 6 Model 165 Stepping 2, GenuineIntel



---------------  S Y S T E M  ---------------

OS:
 Windows 10 , 64 bit Build 19041 (10.0.19041.1348)
OS uptime: 3 days 2:11 hours

CPU: total 8 (initial active 8) (4 cores per cpu, 2 threads per core) family 6 model 165 stepping 2 microcode 0xc8, cx8, cmov, fxsr, ht, mmx, 3dnowpref, sse, sse2, sse3, ssse3, sse4.1, sse4.2, popcnt, lzcnt, tsc, tscinvbit, avx, avx2, aes, erms, clmul, bmi1, bmi2, adx, fma, vzeroupper, clflush, clflushopt

Memory: 4k page, system-wide physical 16221M (9054M free)
TotalPageFile size 24157M (AvailPageFile size 14053M)
current process WorkingSet (physical memory assigned to process): 79M, peak: 89M
current process commit charge ("private bytes"): 353M, peak: 362M

vm_info: OpenJDK 64-Bit Server VM (17+35) for windows-amd64 JRE (17+35), built on Sep 14 2021 17:27:39 by "" with MS VC++ 16.7 (VS2019)

END.
